<?xml version="1.0" encoding="UTF-8"?>
<testng-results skipped="0" failed="0" ignored="0" total="2" passed="2">
  <reporter-output>
  </reporter-output>
  <suite name="Default suite" duration-ms="38291" started-at="2020-01-14T10:42:40 IST" finished-at="2020-01-14T10:43:18 IST">
    <groups>
    </groups>
    <test name="Default test" duration-ms="38291" started-at="2020-01-14T10:42:40 IST" finished-at="2020-01-14T10:43:18 IST">
      <class name="com.bridgelabz.hubspot.test.LoginTest">
        <test-method status="PASS" signature="loginTest()[pri:0, instance:com.bridgelabz.hubspot.test.LoginTest@3d8314f0]" name="loginTest" duration-ms="23208" started-at="2020-01-14T10:42:40 IST" finished-at="2020-01-14T10:43:03 IST">
          <reporter-output>
          </reporter-output>
        </test-method> <!-- loginTest -->
        <test-method status="PASS" signature="signUpTest()[pri:0, instance:com.bridgelabz.hubspot.test.LoginTest@3d8314f0]" name="signUpTest" duration-ms="15037" started-at="2020-01-14T10:43:03 IST" finished-at="2020-01-14T10:43:18 IST">
          <reporter-output>
          </reporter-output>
        </test-method> <!-- signUpTest -->
      </class> <!-- com.bridgelabz.hubspot.test.LoginTest -->
    </test> <!-- Default test -->
  </suite> <!-- Default suite -->
</testng-results>
